<?xml version="1.0" encoding="UTF-8"?>
<!-- Generated by org.testng.reporters.JUnitReportReporter -->
<testsuite skipped="0" hostname="DESKTOP-RQ6IQKO" name="pack1.SampleProgramTest" tests="1" failures="0" timestamp="13 Dec 2021 10:07:00 GMT" time="0.046" errors="0">
  <testcase name="sampleProgramTest" time="0.046" classname="pack1.SampleProgramTest"/>
</testsuite> <!-- pack1.SampleProgramTest -->
