<?xml version="1.0" encoding="UTF-8"?>
<!-- Generated by org.testng.reporters.JUnitReportReporter -->
<testsuite skipped="0" hostname="DESKTOP-RQ6IQKO" name="sdet.SampleTest" tests="1" failures="0" timestamp="10 Dec 2021 07:07:02 GMT" time="0.033" errors="0">
  <testcase name="sampleTest" time="0.033" classname="sdet.SampleTest"/>
</testsuite> <!-- sdet.SampleTest -->
