<?xml version="1.0" encoding="UTF-8"?>
<!-- Generated by org.testng.reporters.JUnitReportReporter -->
<testsuite skipped="0" hostname="DESKTOP-RQ6IQKO" name="sdet.SampleProgramTest" tests="1" failures="0" timestamp="10 Dec 2021 07:34:02 GMT" time="0.025" errors="0">
  <testcase name="sampleProgramTest" time="0.025" classname="sdet.SampleProgramTest"/>
</testsuite> <!-- sdet.SampleProgramTest -->
