<?xml version="1.0" encoding="UTF-8"?>
<!-- Generated by org.testng.reporters.JUnitReportReporter -->
<testsuite skipped="0" hostname="DESKTOP-RQ6IQKO" name="pack1.SampleTest1" tests="1" failures="0" timestamp="10 Dec 2021 10:57:41 GMT" time="0.033" errors="0">
  <testcase name="sampleTest1" time="0.033" classname="pack1.SampleTest1"/>
</testsuite> <!-- pack1.SampleTest1 -->
