<?xml version="1.0" encoding="UTF-8"?>
<!-- Generated by org.testng.reporters.JUnitReportReporter -->
<testsuite skipped="0" hostname="DESKTOP-RQ6IQKO" name="com.crm.Samplegit" tests="1" failures="0" timestamp="16 Dec 2021 06:09:35 GMT" time="0.033" errors="0">
  <testcase name="samplegit" time="0.033" classname="com.crm.Samplegit"/>
</testsuite> <!-- com.crm.Samplegit -->
