<?xml version="1.0" encoding="UTF-8"?>
<!-- Generated by org.testng.reporters.JUnitReportReporter -->
<testsuite skipped="0" hostname="DESKTOP-RQ6IQKO" name="pack1.DemoTest" tests="1" failures="0" timestamp="10 Dec 2021 12:23:45 GMT" time="0.038" errors="0">
  <testcase name="demoTest" time="0.038" classname="pack1.DemoTest"/>
</testsuite> <!-- pack1.DemoTest -->
