<?xml version="1.0" encoding="UTF-8"?>
<!-- Generated by org.testng.reporters.JUnitReportReporter -->
<testsuite skipped="0" hostname="DESKTOP-RQ6IQKO" name="pack1.RegressionTest" tests="1" failures="0" timestamp="16 Dec 2021 05:18:27 GMT" time="0.038" errors="0">
  <testcase name="regressionTest" time="0.038" classname="pack1.RegressionTest"/>
</testsuite> <!-- pack1.RegressionTest -->
