<?xml version="1.0" encoding="UTF-8"?>
<!-- Generated by org.testng.reporters.JUnitReportReporter -->
<testsuite skipped="0" hostname="DESKTOP-RQ6IQKO" name="pack1.DemoTest" tests="1" failures="0" timestamp="15 Dec 2021 06:29:50 GMT" time="0.029" errors="0">
  <testcase name="demoTest" time="0.029" classname="pack1.DemoTest"/>
</testsuite> <!-- pack1.DemoTest -->
