<?xml version="1.0" encoding="UTF-8"?>
<!-- Generated by org.testng.reporters.JUnitReportReporter -->
<testsuite skipped="0" hostname="DESKTOP-RQ6IQKO" name="pack1.Demo" tests="1" failures="0" timestamp="10 Dec 2021 11:52:53 GMT" time="0.028" errors="0">
  <testcase name="demo" time="0.028" classname="pack1.Demo"/>
</testsuite> <!-- pack1.Demo -->
